[2024-06-01T15:47:19.941+0000] {local_task_job_runner.py:120} INFO - ::group::Pre task execution logs
[2024-06-01T15:47:20.002+0000] {taskinstance.py:2076} INFO - Dependencies all met for dep_context=non-requeueable deps ti=<TaskInstance: dag_with_docker_operator.execute_get_command_inside_docker manual__2024-06-01T15:47:08.315981+00:00 [queued]>
[2024-06-01T15:47:20.043+0000] {taskinstance.py:2076} INFO - Dependencies all met for dep_context=requeueable deps ti=<TaskInstance: dag_with_docker_operator.execute_get_command_inside_docker manual__2024-06-01T15:47:08.315981+00:00 [queued]>
[2024-06-01T15:47:20.051+0000] {taskinstance.py:2306} INFO - Starting attempt 1 of 1
[2024-06-01T15:47:20.306+0000] {taskinstance.py:2330} INFO - Executing <Task(DockerOperator): execute_get_command_inside_docker> on 2024-06-01 15:47:08.315981+00:00
[2024-06-01T15:47:20.317+0000] {standard_task_runner.py:63} INFO - Started process 169 to run task
[2024-06-01T15:47:20.326+0000] {standard_task_runner.py:90} INFO - Running: ['airflow', 'tasks', 'run', 'dag_with_docker_operator', 'execute_get_command_inside_docker', 'manual__2024-06-01T15:47:08.315981+00:00', '--job-id', '746', '--raw', '--subdir', 'DAGS_FOLDER/dag_with_docker_operator.py', '--cfg-path', '/tmp/tmpnved2j7d']
[2024-06-01T15:47:20.341+0000] {standard_task_runner.py:91} INFO - Job 746: Subtask execute_get_command_inside_docker
[2024-06-01T15:47:22.558+0000] {task_command.py:426} INFO - Running <TaskInstance: dag_with_docker_operator.execute_get_command_inside_docker manual__2024-06-01T15:47:08.315981+00:00 [running]> on host 9c47fcd741af
[2024-06-01T15:47:23.094+0000] {taskinstance.py:2648} INFO - Exporting env vars: AIRFLOW_CTX_DAG_OWNER='airflow' AIRFLOW_CTX_DAG_ID='dag_with_docker_operator' AIRFLOW_CTX_TASK_ID='execute_get_command_inside_docker' AIRFLOW_CTX_EXECUTION_DATE='2024-06-01T15:47:08.315981+00:00' AIRFLOW_CTX_TRY_NUMBER='1' AIRFLOW_CTX_DAG_RUN_ID='manual__2024-06-01T15:47:08.315981+00:00'
[2024-06-01T15:47:23.095+0000] {taskinstance.py:430} INFO - ::endgroup::
[2024-06-01T15:47:23.245+0000] {docker.py:493} INFO - Pulling docker image composer-flask:latest 
[2024-06-01T15:47:23.270+0000] {taskinstance.py:441} INFO - ::group::Post task execution logs
[2024-06-01T15:47:23.271+0000] {taskinstance.py:2905} ERROR - Task failed with exception
Traceback (most recent call last):
  File "/home/airflow/.local/lib/python3.12/site-packages/docker/api/client.py", line 265, in _raise_for_status
    response.raise_for_status()
  File "/home/airflow/.local/lib/python3.12/site-packages/requests/models.py", line 1021, in raise_for_status
    raise HTTPError(http_error_msg, response=self)
requests.exceptions.HTTPError: 400 Client Error: Bad Request for url: http+docker://localhost/v1.45/images/create?tag=latest+&fromImage=composer-flask

The above exception was the direct cause of the following exception:

Traceback (most recent call last):
  File "/home/airflow/.local/lib/python3.12/site-packages/airflow/models/taskinstance.py", line 465, in _execute_task
    result = _execute_callable(context=context, **execute_callable_kwargs)
             ^^^^^^^^^^^^^^^^^^^^^^^^^^^^^^^^^^^^^^^^^^^^^^^^^^^^^^^^^^^^^
  File "/home/airflow/.local/lib/python3.12/site-packages/airflow/models/taskinstance.py", line 432, in _execute_callable
    return execute_callable(context=context, **execute_callable_kwargs)
           ^^^^^^^^^^^^^^^^^^^^^^^^^^^^^^^^^^^^^^^^^^^^^^^^^^^^^^^^^^^^
  File "/home/airflow/.local/lib/python3.12/site-packages/airflow/models/baseoperator.py", line 400, in wrapper
    return func(self, *args, **kwargs)
           ^^^^^^^^^^^^^^^^^^^^^^^^^^^
  File "/home/airflow/.local/lib/python3.12/site-packages/airflow/providers/docker/operators/docker.py", line 495, in execute
    for output in self.cli.pull(self.image, stream=True, decode=True):
                  ^^^^^^^^^^^^^^^^^^^^^^^^^^^^^^^^^^^^^^^^^^^^^^^^^^^
  File "/home/airflow/.local/lib/python3.12/site-packages/docker/api/image.py", line 429, in pull
    self._raise_for_status(response)
  File "/home/airflow/.local/lib/python3.12/site-packages/docker/api/client.py", line 267, in _raise_for_status
    raise create_api_error_from_http_exception(e) from e
          ^^^^^^^^^^^^^^^^^^^^^^^^^^^^^^^^^^^^^^^
  File "/home/airflow/.local/lib/python3.12/site-packages/docker/errors.py", line 39, in create_api_error_from_http_exception
    raise cls(e, response=response, explanation=explanation) from e
docker.errors.APIError: 400 Client Error for http+docker://localhost/v1.45/images/create?tag=latest+&fromImage=composer-flask: Bad Request ("invalid tag format")
[2024-06-01T15:47:23.292+0000] {taskinstance.py:1206} INFO - Marking task as FAILED. dag_id=dag_with_docker_operator, task_id=execute_get_command_inside_docker, run_id=manual__2024-06-01T15:47:08.315981+00:00, execution_date=20240601T154708, start_date=20240601T154720, end_date=20240601T154723
[2024-06-01T15:47:23.350+0000] {standard_task_runner.py:110} ERROR - Failed to execute job 746 for task execute_get_command_inside_docker (400 Client Error for http+docker://localhost/v1.45/images/create?tag=latest+&fromImage=composer-flask: Bad Request ("invalid tag format"); 169)
[2024-06-01T15:47:23.399+0000] {local_task_job_runner.py:240} INFO - Task exited with return code 1
[2024-06-01T15:47:23.555+0000] {taskinstance.py:3498} INFO - 0 downstream tasks scheduled from follow-on schedule check
[2024-06-01T15:47:23.593+0000] {local_task_job_runner.py:222} INFO - ::endgroup::
