[2024-06-01T20:08:00.302+0000] {local_task_job_runner.py:120} INFO - ::group::Pre task execution logs
[2024-06-01T20:08:00.520+0000] {taskinstance.py:2076} INFO - Dependencies all met for dep_context=non-requeueable deps ti=<TaskInstance: dag_with_docker_operator.execute_get_command_inside_docker manual__2024-06-01T20:07:44.452541+00:00 [queued]>
[2024-06-01T20:08:00.566+0000] {taskinstance.py:2076} INFO - Dependencies all met for dep_context=requeueable deps ti=<TaskInstance: dag_with_docker_operator.execute_get_command_inside_docker manual__2024-06-01T20:07:44.452541+00:00 [queued]>
[2024-06-01T20:08:00.567+0000] {taskinstance.py:2306} INFO - Starting attempt 1 of 1
[2024-06-01T20:08:00.688+0000] {taskinstance.py:2330} INFO - Executing <Task(DockerOperator): execute_get_command_inside_docker> on 2024-06-01 20:07:44.452541+00:00
[2024-06-01T20:08:00.695+0000] {standard_task_runner.py:63} INFO - Started process 84 to run task
[2024-06-01T20:08:00.700+0000] {standard_task_runner.py:90} INFO - Running: ['airflow', 'tasks', 'run', 'dag_with_docker_operator', 'execute_get_command_inside_docker', 'manual__2024-06-01T20:07:44.452541+00:00', '--job-id', '755', '--raw', '--subdir', 'DAGS_FOLDER/dag_with_docker_operator.py', '--cfg-path', '/tmp/tmpxved47ia']
[2024-06-01T20:08:00.704+0000] {standard_task_runner.py:91} INFO - Job 755: Subtask execute_get_command_inside_docker
[2024-06-01T20:08:01.045+0000] {task_command.py:426} INFO - Running <TaskInstance: dag_with_docker_operator.execute_get_command_inside_docker manual__2024-06-01T20:07:44.452541+00:00 [running]> on host 9c47fcd741af
[2024-06-01T20:08:01.767+0000] {taskinstance.py:2648} INFO - Exporting env vars: AIRFLOW_CTX_DAG_OWNER='airflow' AIRFLOW_CTX_DAG_ID='dag_with_docker_operator' AIRFLOW_CTX_TASK_ID='execute_get_command_inside_docker' AIRFLOW_CTX_EXECUTION_DATE='2024-06-01T20:07:44.452541+00:00' AIRFLOW_CTX_TRY_NUMBER='1' AIRFLOW_CTX_DAG_RUN_ID='manual__2024-06-01T20:07:44.452541+00:00'
[2024-06-01T20:08:01.768+0000] {taskinstance.py:430} INFO - ::endgroup::
[2024-06-01T20:08:02.881+0000] {docker.py:366} INFO - Starting docker container from image composer-flask:latest
[2024-06-01T20:08:03.571+0000] {docker.py:374} WARNING - Using remote engine or docker-in-docker and mounting temporary volume from host is not supported. Falling back to `mount_tmp_dir=False` mode. You can set `mount_tmp_dir` parameter to False to disable mounting and remove the warning
[2024-06-01T20:08:10.226+0000] {docker.py:436} INFO - % Total    % Received % Xferd  Average Speed   Time    Time     Time  Current
                                 Dload  Upload   Total   Spent    Left  Speed
  0     0    0     0    0     0      0      0 --:--:-- --:--:-- --:--:--     0
[2024-06-01T20:08:11.391+0000] {docker.py:436} INFO - 0     0    0     0    0     0      0      0 --:--:--  0:00:01 --:--:--     0
[2024-06-01T20:08:12.395+0000] {docker.py:436} INFO - 0     0    0     0    0     0      0      0 --:--:--  0:00:02 --:--:--     0
[2024-06-01T20:08:13.393+0000] {docker.py:436} INFO - 0     0    0     0    0     0      0      0 --:--:--  0:00:03 --:--:--     0
[2024-06-01T20:08:14.402+0000] {docker.py:436} INFO - 0     0    0     0    0     0      0      0 --:--:--  0:00:04 --:--:--     0
[2024-06-01T20:08:15.404+0000] {docker.py:436} INFO - 0     0    0     0    0     0      0      0 --:--:--  0:00:05 --:--:--     0
[2024-06-01T20:08:16.401+0000] {docker.py:436} INFO - 0     0    0     0    0     0      0      0 --:--:--  0:00:06 --:--:--     0
[2024-06-01T20:08:17.419+0000] {docker.py:436} INFO - 0     0    0     0    0     0      0      0 --:--:--  0:00:07 --:--:--     0
[2024-06-01T20:08:18.409+0000] {docker.py:436} INFO - 0     0    0     0    0     0      0      0 --:--:--  0:00:08 --:--:--     0
[2024-06-01T20:08:19.403+0000] {docker.py:436} INFO - 0     0    0     0    0     0      0      0 --:--:--  0:00:09 --:--:--     0
[2024-06-01T20:08:20.404+0000] {docker.py:436} INFO - 0     0    0     0    0     0      0      0 --:--:--  0:00:10 --:--:--     0
[2024-06-01T20:08:21.408+0000] {docker.py:436} INFO - 
[2024-06-01T20:08:21.409+0000] {docker.py:436} INFO - 
[2024-06-01T20:08:21.412+0000] {docker.py:436} INFO - 0
[2024-06-01T20:08:21.413+0000] {docker.py:436} INFO - 
[2024-06-01T20:08:21.414+0000] {docker.py:436} INFO - 0    0
[2024-06-01T20:08:21.415+0000] {docker.py:436} INFO - 
[2024-06-01T20:08:21.416+0000] {docker.py:436} INFO - 
[2024-06-01T20:08:21.417+0000] {docker.py:436} INFO - 
[2024-06-01T20:08:21.418+0000] {docker.py:436} INFO - 0
[2024-06-01T20:08:21.420+0000] {docker.py:436} INFO - 
[2024-06-01T20:08:21.421+0000] {docker.py:436} INFO - 0     0      0      0 --:--:--  0:00:11 --:--:--     0
[2024-06-01T20:08:22.426+0000] {docker.py:436} INFO - 0     0    0     0    0     0      0      0 --:--:--  0:00:12 --:--:--     0
[2024-06-01T20:08:23.417+0000] {docker.py:436} INFO - 0     0    0     0    0     0      0      0 --:--:--  0:00:13 --:--:--     0
[2024-06-01T20:08:24.441+0000] {docker.py:436} INFO - 0     0    0     0    0     0      0      0 --:--:--  0:00:14 --:--:--     0
[2024-06-01T20:08:25.414+0000] {docker.py:436} INFO - 0     0    0     0    0     0      0      0 --:--:--  0:00:15 --:--:--     0
[2024-06-01T20:08:26.419+0000] {docker.py:436} INFO - 0     0    0     0    0     0      0      0 --:--:--  0:00:16 --:--:--     0
[2024-06-01T20:08:27.417+0000] {docker.py:436} INFO - 0     0    0     0    0     0      0      0 --:--:--  0:00:17 --:--:--     0
[2024-06-01T20:08:28.422+0000] {docker.py:436} INFO - 0     0    0     0    0     0      0      0 --:--:--  0:00:18 --:--:--     0
[2024-06-01T20:08:29.422+0000] {docker.py:436} INFO - 0     0    0     0    0     0      0      0 --:--:--  0:00:19 --:--:--     0
[2024-06-01T20:08:30.423+0000] {docker.py:436} INFO - 0     0    0     0    0     0      0      0 --:--:--  0:00:20 --:--:--     0
[2024-06-01T20:08:31.425+0000] {docker.py:436} INFO - 0     0    0     0    0     0      0      0 --:--:--  0:00:21 --:--:--     0
[2024-06-01T20:08:32.427+0000] {docker.py:436} INFO - 0     0    0     0    0     0      0      0 --:--:--  0:00:22 --:--:--     0
[2024-06-01T20:08:33.425+0000] {docker.py:436} INFO - 0     0    0     0    0     0      0      0 --:--:--
[2024-06-01T20:08:33.428+0000] {docker.py:436} INFO - 0:00:23 --:--:--     0
[2024-06-01T20:08:34.435+0000] {docker.py:436} INFO - 0     0    0     0    0     0      0      0 --:--:--  0:00:24 --:--:--     0
[2024-06-01T20:08:35.429+0000] {docker.py:436} INFO - 0     0    0     0    0     0      0      0 --:--:--  0:00:25 --:--:--     0
[2024-06-01T20:08:36.433+0000] {docker.py:436} INFO - 0     0    0     0    0     0      0      0 --:--:--  0:00:26 --:--:--     0
[2024-06-01T20:08:37.435+0000] {docker.py:436} INFO - 0     0    0     0    0     0      0      0 --:--:--  0:00:27 --:--:--     0
[2024-06-01T20:08:38.441+0000] {docker.py:436} INFO - 0     0    0     0    0     0      0      0 --:--:--  0:00:28 --:--:--     0
[2024-06-01T20:08:39.440+0000] {docker.py:436} INFO - 0     0    0     0    0     0      0      0 --:--:--  0:00:29 --:--:--     0
[2024-06-01T20:08:40.437+0000] {docker.py:436} INFO - 0     0    0     0    0     0      0      0 --:--:--  0:00:30 --:--:--     0
[2024-06-01T20:08:41.442+0000] {docker.py:436} INFO - 0     0    0     0    0     0      0      0 --:--:--  0:00:31 --:--:--     0
[2024-06-01T20:08:42.441+0000] {docker.py:436} INFO - 0     0    0     0    0     0      0      0 --:--:--  0:00:32 --:--:--     0
[2024-06-01T20:08:43.449+0000] {docker.py:436} INFO - 0     0    0     0    0     0      0      0 --:--:--  0:00:33 --:--:--     0
[2024-06-01T20:08:44.445+0000] {docker.py:436} INFO - 0     0    0     0    0     0      0      0 --:--:--  0:00:34 --:--:--     0
[2024-06-01T20:08:45.559+0000] {docker.py:436} INFO - 0     0    0     0    0     0      0      0 --:--:--  0:00:35 --:--:--     0
[2024-06-01T20:08:46.592+0000] {docker.py:436} INFO - 0     0    0     0    0     0      0      0 --:--:--  0:00:36 --:--:--     0
[2024-06-01T20:08:47.455+0000] {docker.py:436} INFO - 0     0    0     0    0     0      0      0 --:--:--  0:00:37 --:--:--     0
[2024-06-01T20:08:48.449+0000] {docker.py:436} INFO - 0     0    0     0    0     0      0      0 --:--:--  0:00:38 --:--:--     0
[2024-06-01T20:08:49.450+0000] {docker.py:436} INFO - 0     0    0     0    0     0      0      0 --:--:--  0:00:39 --:--:--     0
[2024-06-01T20:08:50.450+0000] {docker.py:436} INFO - 0     0    0     0    0     0      0      0 --:--:--  0:00:40 --:--:--     0
[2024-06-01T20:08:51.452+0000] {docker.py:436} INFO - 0     0    0     0    0     0      0      0 --:--:--  0:00:41 --:--:--     0
[2024-06-01T20:08:52.450+0000] {docker.py:436} INFO - 0     0    0     0    0     0      0      0 --:--:--  0:00:42 --:--:--     0
[2024-06-01T20:08:53.453+0000] {docker.py:436} INFO - 0     0    0     0    0     0      0      0 --:--:--  0:00:43 --:--:--     0
[2024-06-01T20:08:54.460+0000] {docker.py:436} INFO - 0     0    0     0    0     0      0      0 --:--:--  0:00:44 --:--:--     0
[2024-06-01T20:08:55.457+0000] {docker.py:436} INFO - 0     0    0     0    0     0      0      0 --:--:--  0:00:45 --:--:--     0
[2024-06-01T20:08:56.460+0000] {docker.py:436} INFO - 0     0    0     0    0     0      0      0 --:--:--  0:00:46 --:--:--     0
[2024-06-01T20:08:57.458+0000] {docker.py:436} INFO - 0     0    0     0    0     0      0      0 --:--:--  0:00:47 --:--:--     0
[2024-06-01T20:08:58.463+0000] {docker.py:436} INFO - 0     0    0     0    0     0      0      0 --:--:--  0:00:48 --:--:--     0
[2024-06-01T20:08:59.463+0000] {docker.py:436} INFO - 0     0    0     0    0     0      0      0 --:--:--  0:00:49 --:--:--     0
[2024-06-01T20:09:00.466+0000] {docker.py:436} INFO - 0     0    0     0    0     0      0      0 --:--:--  0:00:50 --:--:--     0
[2024-06-01T20:09:01.469+0000] {docker.py:436} INFO - 0     0    0     0    0     0      0      0 --:--:--  0:00:51 --:--:--     0
[2024-06-01T20:09:02.468+0000] {docker.py:436} INFO - 0     0    0     0    0     0      0      0 --:--:--  0:00:52 --:--:--     0
[2024-06-01T20:09:03.470+0000] {docker.py:436} INFO - 0     0    0     0    0     0      0      0 --:--:--  0:00:53 --:--:--     0
[2024-06-01T20:09:04.470+0000] {docker.py:436} INFO - 0     0    0     0    0     0      0      0 --:--:--  0:00:54 --:--:--     0
[2024-06-01T20:09:05.471+0000] {docker.py:436} INFO - 0     0    0     0    0     0      0      0 --:--:--  0:00:55 --:--:--     0
[2024-06-01T20:09:06.518+0000] {docker.py:436} INFO - 0     0    0     0    0     0      0      0 --:--:--  0:00:56 --:--:--     0
[2024-06-01T20:09:07.474+0000] {docker.py:436} INFO - 0     0    0     0    0     0      0      0 --:--:--  0:00:57 --:--:--     0
[2024-06-01T20:09:08.478+0000] {docker.py:436} INFO - 0     0    0     0    0     0      0      0 --:--:--  0:00:58 --:--:--     0
[2024-06-01T20:09:09.478+0000] {docker.py:436} INFO - 0     0    0     0    0     0      0      0 --:--:--  0:00:59 --:--:--     0
[2024-06-01T20:09:10.483+0000] {docker.py:436} INFO - 0     0    0     0    0     0      0      0 --:--:--  0:01:00 --:--:--     0
[2024-06-01T20:09:11.483+0000] {docker.py:436} INFO - 0     0    0     0    0     0      0      0 --:--:--  0:01:01 --:--:--     0
[2024-06-01T20:09:12.483+0000] {docker.py:436} INFO - 0     0    0     0    0     0      0      0 --:--:--  0:01:02 --:--:--     0
[2024-06-01T20:09:13.485+0000] {docker.py:436} INFO - 0     0    0     0    0     0      0      0 --:--:--  0:01:03 --:--:--     0
[2024-06-01T20:09:14.487+0000] {docker.py:436} INFO - 0     0    0     0    0     0      0      0 --:--:--  0:01:04 --:--:--     0
[2024-06-01T20:09:15.489+0000] {docker.py:436} INFO - 0     0    0     0    0     0      0      0 --:--:--  0:01:05 --:--:--     0
[2024-06-01T20:09:16.489+0000] {docker.py:436} INFO - 0     0    0     0    0     0      0      0 --:--:--  0:01:06 --:--:--     0
[2024-06-01T20:09:17.494+0000] {docker.py:436} INFO - 0     0    0     0    0     0      0      0 --:--:--  0:01:07 --:--:--     0
[2024-06-01T20:09:18.503+0000] {docker.py:436} INFO - 0     0    0     0    0     0      0      0 --:--:--  0:01:08 --:--:--     0
[2024-06-01T20:09:19.490+0000] {docker.py:436} INFO - 0     0    0     0    0     0      0      0 --:--:--  0:01:09 --:--:--     0
[2024-06-01T20:09:20.496+0000] {docker.py:436} INFO - 0     0    0     0    0     0      0      0 --:--:--  0:01:10 --:--:--     0
[2024-06-01T20:09:21.496+0000] {docker.py:436} INFO - 0     0    0     0    0     0      0      0 --:--:--  0:01:11 --:--:--     0
[2024-06-01T20:09:22.500+0000] {docker.py:436} INFO - 0     0    0     0    0     0      0      0 --:--:--  0:01:12 --:--:--     0
[2024-06-01T20:09:23.508+0000] {docker.py:436} INFO - 0     0    0     0    0     0      0      0 --:--:--  0:01:13 --:--:--     0
[2024-06-01T20:09:24.498+0000] {docker.py:436} INFO - 0     0    0     0    0     0      0      0 --:--:--  0:01:14 --:--:--     0
[2024-06-01T20:09:25.499+0000] {docker.py:436} INFO - 0     0    0     0    0     0      0      0 --:--:--  0:01:15 --:--:--     0
[2024-06-01T20:09:26.501+0000] {docker.py:436} INFO - 0     0    0     0    0     0      0      0 --:--:--  0:01:16 --:--:--     0
[2024-06-01T20:09:27.499+0000] {docker.py:436} INFO - 0     0    0     0    0     0      0      0 --:--:--  0:01:17 --:--:--     0
[2024-06-01T20:09:28.506+0000] {docker.py:436} INFO - 0     0    0     0    0     0      0      0 --:--:--  0:01:18 --:--:--     0
[2024-06-01T20:09:29.510+0000] {docker.py:436} INFO - 0     0    0     0    0     0      0      0 --:--:--  0:01:19 --:--:--     0
[2024-06-01T20:09:30.501+0000] {docker.py:436} INFO - 0     0    0     0    0     0      0      0 --:--:--  0:01:20 --:--:--     0
[2024-06-01T20:09:31.507+0000] {docker.py:436} INFO - 0     0    0     0    0     0      0      0 --:--:--  0:01:21 --:--:--     0
[2024-06-01T20:09:32.507+0000] {docker.py:436} INFO - 0     0    0     0    0     0      0      0 --:--:--  0:01:22 --:--:--     0
[2024-06-01T20:09:33.512+0000] {docker.py:436} INFO - 0     0    0     0    0     0      0      0 --:--:--  0:01:23 --:--:--     0
[2024-06-01T20:09:34.512+0000] {docker.py:436} INFO - 0     0    0     0    0     0      0      0 --:--:--  0:01:24 --:--:--     0
[2024-06-01T20:09:35.511+0000] {docker.py:436} INFO - 0     0    0     0    0     0      0      0 --:--:--  0:01:25 --:--:--     0
[2024-06-01T20:09:36.514+0000] {docker.py:436} INFO - 0     0    0     0    0     0      0      0 --:--:--  0:01:26 --:--:--     0
[2024-06-01T20:09:37.514+0000] {docker.py:436} INFO - 0     0    0     0    0     0      0      0 --:--:--  0:01:27 --:--:--     0
[2024-06-01T20:09:38.519+0000] {docker.py:436} INFO - 0     0    0     0    0     0      0      0 --:--:--  0:01:28 --:--:--     0
[2024-06-01T20:09:39.515+0000] {docker.py:436} INFO - 0     0    0     0    0     0      0      0 --:--:--  0:01:29 --:--:--     0
[2024-06-01T20:09:40.516+0000] {docker.py:436} INFO - 0     0    0     0    0     0      0      0 --:--:--  0:01:30 --:--:--     0
[2024-06-01T20:09:41.525+0000] {docker.py:436} INFO - 0     0    0     0    0     0      0      0 --:--:--  0:01:31 --:--:--     0
[2024-06-01T20:09:42.539+0000] {docker.py:436} INFO - 0     0    0     0    0     0      0      0 --:--:--  0:01:32 --:--:--     0
[2024-06-01T20:09:43.532+0000] {docker.py:436} INFO - 0     0    0     0    0     0      0      0 --:--:--  0:01:33 --:--:--     0
[2024-06-01T20:09:44.527+0000] {docker.py:436} INFO - 0     0    0     0    0     0      0      0 --:--:--  0:01:34 --:--:--     0
[2024-06-01T20:09:45.527+0000] {docker.py:436} INFO - 0     0    0     0    0     0      0      0 --:--:--  0:01:35 --:--:--     0
[2024-06-01T20:09:46.529+0000] {docker.py:436} INFO - 0     0    0     0    0     0      0      0 --:--:--  0:01:36 --:--:--     0
[2024-06-01T20:09:47.528+0000] {docker.py:436} INFO - 0     0    0     0    0     0      0      0 --:--:--  0:01:37 --:--:--     0
[2024-06-01T20:09:48.529+0000] {docker.py:436} INFO - 0     0    0     0    0     0      0      0 --:--:--  0:01:38 --:--:--     0
[2024-06-01T20:09:49.532+0000] {docker.py:436} INFO - 0     0    0     0    0     0      0      0 --:--:--  0:01:39 --:--:--     0
[2024-06-01T20:09:50.534+0000] {docker.py:436} INFO - 0     0    0     0    0     0      0      0 --:--:--  0:01:40 --:--:--     0
[2024-06-01T20:09:51.537+0000] {docker.py:436} INFO - 0     0    0     0    0     0      0      0 --:--:--  0:01:41 --:--:--     0
[2024-06-01T20:09:52.535+0000] {docker.py:436} INFO - 0     0    0     0    0     0      0      0 --:--:--  0:01:42 --:--:--     0
[2024-06-01T20:09:53.537+0000] {docker.py:436} INFO - 0     0    0     0    0     0      0      0 --:--:--  0:01:43 --:--:--     0
[2024-06-01T20:09:54.534+0000] {docker.py:436} INFO - 0     0    0     0    0     0      0      0 --:--:--  0:01:44 --:--:--     0
[2024-06-01T20:09:55.539+0000] {docker.py:436} INFO - 0     0    0     0    0     0      0      0 --:--:--  0:01:45 --:--:--     0
[2024-06-01T20:09:56.544+0000] {docker.py:436} INFO - 0     0    0     0    0     0      0      0 --:--:--  0:01:46 --:--:--     0
[2024-06-01T20:09:57.543+0000] {docker.py:436} INFO - 0     0    0     0    0     0      0      0 --:--:--  0:01:47 --:--:--     0
[2024-06-01T20:09:58.544+0000] {docker.py:436} INFO - 0     0    0     0    0     0      0      0 --:--:--  0:01:48 --:--:--     0
[2024-06-01T20:09:59.544+0000] {docker.py:436} INFO - 0     0    0     0    0     0      0      0 --:--:--  0:01:49 --:--:--     0
[2024-06-01T20:10:00.550+0000] {docker.py:436} INFO - 0     0    0     0    0     0      0      0 --:--:--  0:01:50 --:--:--     0
[2024-06-01T20:10:01.552+0000] {docker.py:436} INFO - 0     0    0     0    0     0      0      0 --:--:--  0:01:51 --:--:--     0
[2024-06-01T20:10:02.546+0000] {docker.py:436} INFO - 0     0    0     0    0     0      0      0 --:--:--  0:01:52 --:--:--     0
[2024-06-01T20:10:03.552+0000] {docker.py:436} INFO - 0     0    0     0    0     0      0      0 --:--:--  0:01:53 --:--:--     0
[2024-06-01T20:10:04.549+0000] {docker.py:436} INFO - 0     0    0     0    0     0      0      0 --:--:--  0:01:54 --:--:--     0
[2024-06-01T20:10:05.550+0000] {docker.py:436} INFO - 0     0    0     0    0     0      0      0 --:--:--  0:01:55 --:--:--     0
[2024-06-01T20:10:06.555+0000] {docker.py:436} INFO - 0     0    0     0    0     0      0      0 --:--:--  0:01:56 --:--:--     0
[2024-06-01T20:10:07.557+0000] {docker.py:436} INFO - 0     0    0     0    0     0      0      0 --:--:--  0:01:57 --:--:--     0
[2024-06-01T20:10:08.560+0000] {docker.py:436} INFO - 0     0    0     0    0     0      0      0 --:--:--  0:01:58 --:--:--     0
[2024-06-01T20:10:09.556+0000] {docker.py:436} INFO - 0     0    0     0    0     0      0      0 --:--:--  0:01:59 --:--:--     0
[2024-06-01T20:10:10.562+0000] {docker.py:436} INFO - 0     0    0     0    0     0      0      0 --:--:--  0:02:00 --:--:--     0
[2024-06-01T20:10:11.587+0000] {docker.py:436} INFO - 0     0    0     0    0     0      0      0 --:--:--  0:02:01 --:--:--     0
[2024-06-01T20:10:12.562+0000] {docker.py:436} INFO - 0     0    0     0    0     0      0      0 --:--:--  0:02:02 --:--:--     0
[2024-06-01T20:10:13.560+0000] {docker.py:436} INFO - 0     0    0     0    0     0      0      0 --:--:--  0:02:03 --:--:--     0
[2024-06-01T20:10:14.561+0000] {docker.py:436} INFO - 0     0    0     0    0     0      0      0 --:--:--  0:02:04 --:--:--     0
[2024-06-01T20:10:15.563+0000] {docker.py:436} INFO - 0     0    0     0    0     0      0      0 --:--:--  0:02:05 --:--:--     0
[2024-06-01T20:10:16.565+0000] {docker.py:436} INFO - 0     0    0     0    0     0      0      0 --:--:--  0:02:06 --:--:--     0
[2024-06-01T20:10:17.570+0000] {docker.py:436} INFO - 0     0    0     0    0     0      0      0 --:--:--  0:02:07 --:--:--     0
[2024-06-01T20:10:18.571+0000] {docker.py:436} INFO - 0     0    0     0    0     0      0      0 --:--:--  0:02:08 --:--:--     0
[2024-06-01T20:10:19.570+0000] {docker.py:436} INFO - 0     0    0     0    0     0      0      0 --:--:--  0:02:09 --:--:--     0
[2024-06-01T20:10:20.572+0000] {docker.py:436} INFO - 0     0    0     0    0     0      0      0 --:--:--  0:02:10 --:--:--     0
[2024-06-01T20:10:23.119+0000] {docker.py:436} INFO - 0     0    0     0    0     0      0      0 --:--:--  0:02:11 --:--:--     0
curl: (28) Failed to connect to 172.18.0.6 port 5000 after 131200 ms: Couldn't connect to server
[2024-06-01T20:10:26.427+0000] {taskinstance.py:441} INFO - ::group::Post task execution logs
[2024-06-01T20:10:26.579+0000] {taskinstance.py:2905} ERROR - Task failed with exception
Traceback (most recent call last):
  File "/home/airflow/.local/lib/python3.12/site-packages/docker/api/client.py", line 265, in _raise_for_status
    response.raise_for_status()
  File "/home/airflow/.local/lib/python3.12/site-packages/requests/models.py", line 1021, in raise_for_status
    raise HTTPError(http_error_msg, response=self)
requests.exceptions.HTTPError: 400 Client Error: Bad Request for url: http+docker://localhost/v1.45/containers/create

The above exception was the direct cause of the following exception:

Traceback (most recent call last):
  File "/home/airflow/.local/lib/python3.12/site-packages/airflow/providers/docker/operators/docker.py", line 371, in _run_image
    return self._run_image_with_mounts([*self.mounts, tmp_mount], add_tmp_variable=True)
           ^^^^^^^^^^^^^^^^^^^^^^^^^^^^^^^^^^^^^^^^^^^^^^^^^^^^^^^^^^^^^^^^^^^^^^^^^^^^^
  File "/home/airflow/.local/lib/python3.12/site-packages/airflow/providers/docker/operators/docker.py", line 398, in _run_image_with_mounts
    self.container = self.cli.create_container(
                     ^^^^^^^^^^^^^^^^^^^^^^^^^^
  File "/home/airflow/.local/lib/python3.12/site-packages/docker/api/container.py", line 439, in create_container
    return self.create_container_from_config(config, name, platform)
           ^^^^^^^^^^^^^^^^^^^^^^^^^^^^^^^^^^^^^^^^^^^^^^^^^^^^^^^^^
  File "/home/airflow/.local/lib/python3.12/site-packages/docker/api/container.py", line 456, in create_container_from_config
    return self._result(res, True)
           ^^^^^^^^^^^^^^^^^^^^^^^
  File "/home/airflow/.local/lib/python3.12/site-packages/docker/api/client.py", line 271, in _result
    self._raise_for_status(response)
  File "/home/airflow/.local/lib/python3.12/site-packages/docker/api/client.py", line 267, in _raise_for_status
    raise create_api_error_from_http_exception(e) from e
          ^^^^^^^^^^^^^^^^^^^^^^^^^^^^^^^^^^^^^^^
  File "/home/airflow/.local/lib/python3.12/site-packages/docker/errors.py", line 39, in create_api_error_from_http_exception
    raise cls(e, response=response, explanation=explanation) from e
docker.errors.APIError: 400 Client Error for http+docker://localhost/v1.45/containers/create: Bad Request ("invalid mount config for type "bind": bind source path does not exist: /tmp/airflowtmpp8lferko")

During handling of the above exception, another exception occurred:

Traceback (most recent call last):
  File "/home/airflow/.local/lib/python3.12/site-packages/airflow/models/taskinstance.py", line 465, in _execute_task
    result = _execute_callable(context=context, **execute_callable_kwargs)
             ^^^^^^^^^^^^^^^^^^^^^^^^^^^^^^^^^^^^^^^^^^^^^^^^^^^^^^^^^^^^^
  File "/home/airflow/.local/lib/python3.12/site-packages/airflow/models/taskinstance.py", line 432, in _execute_callable
    return execute_callable(context=context, **execute_callable_kwargs)
           ^^^^^^^^^^^^^^^^^^^^^^^^^^^^^^^^^^^^^^^^^^^^^^^^^^^^^^^^^^^^
  File "/home/airflow/.local/lib/python3.12/site-packages/airflow/models/baseoperator.py", line 400, in wrapper
    return func(self, *args, **kwargs)
           ^^^^^^^^^^^^^^^^^^^^^^^^^^^
  File "/home/airflow/.local/lib/python3.12/site-packages/airflow/providers/docker/operators/docker.py", line 509, in execute
    return self._run_image()
           ^^^^^^^^^^^^^^^^^
  File "/home/airflow/.local/lib/python3.12/site-packages/airflow/providers/docker/operators/docker.py", line 380, in _run_image
    return self._run_image_with_mounts(self.mounts, add_tmp_variable=False)
           ^^^^^^^^^^^^^^^^^^^^^^^^^^^^^^^^^^^^^^^^^^^^^^^^^^^^^^^^^^^^^^^^
  File "/home/airflow/.local/lib/python3.12/site-packages/airflow/providers/docker/operators/docker.py", line 444, in _run_image_with_mounts
    raise DockerContainerFailedException(f"Docker container failed: {result!r}", logs=log_lines)
airflow.providers.docker.exceptions.DockerContainerFailedException: Docker container failed: {'StatusCode': 28}
[2024-06-01T20:10:26.695+0000] {taskinstance.py:1206} INFO - Marking task as FAILED. dag_id=dag_with_docker_operator, task_id=execute_get_command_inside_docker, run_id=manual__2024-06-01T20:07:44.452541+00:00, execution_date=20240601T200744, start_date=20240601T200800, end_date=20240601T201026
[2024-06-01T20:10:26.804+0000] {standard_task_runner.py:110} ERROR - Failed to execute job 755 for task execute_get_command_inside_docker (Docker container failed: {'StatusCode': 28}; 84)
[2024-06-01T20:10:26.847+0000] {local_task_job_runner.py:240} INFO - Task exited with return code 1
[2024-06-01T20:10:26.921+0000] {taskinstance.py:3498} INFO - 0 downstream tasks scheduled from follow-on schedule check
[2024-06-01T20:10:26.981+0000] {local_task_job_runner.py:222} INFO - ::endgroup::
