[2024-06-01T20:19:48.318+0000] {local_task_job_runner.py:120} INFO - ::group::Pre task execution logs
[2024-06-01T20:19:48.370+0000] {taskinstance.py:2076} INFO - Dependencies all met for dep_context=non-requeueable deps ti=<TaskInstance: dag_with_docker_operator.check_status manual__2024-06-01T20:19:11.767464+00:00 [queued]>
[2024-06-01T20:19:48.394+0000] {taskinstance.py:2076} INFO - Dependencies all met for dep_context=requeueable deps ti=<TaskInstance: dag_with_docker_operator.check_status manual__2024-06-01T20:19:11.767464+00:00 [queued]>
[2024-06-01T20:19:48.395+0000] {taskinstance.py:2306} INFO - Starting attempt 1 of 1
[2024-06-01T20:19:48.516+0000] {taskinstance.py:2330} INFO - Executing <Task(PythonOperator): check_status> on 2024-06-01 20:19:11.767464+00:00
[2024-06-01T20:19:48.534+0000] {standard_task_runner.py:63} INFO - Started process 145 to run task
[2024-06-01T20:19:48.542+0000] {standard_task_runner.py:90} INFO - Running: ['airflow', 'tasks', 'run', 'dag_with_docker_operator', 'check_status', 'manual__2024-06-01T20:19:11.767464+00:00', '--job-id', '756', '--raw', '--subdir', 'DAGS_FOLDER/dag_with_docker_operator.py', '--cfg-path', '/tmp/tmpq02f3te7']
[2024-06-01T20:19:48.547+0000] {standard_task_runner.py:91} INFO - Job 756: Subtask check_status
[2024-06-01T20:19:48.865+0000] {task_command.py:426} INFO - Running <TaskInstance: dag_with_docker_operator.check_status manual__2024-06-01T20:19:11.767464+00:00 [running]> on host 9c47fcd741af
[2024-06-01T20:19:49.058+0000] {taskinstance.py:2648} INFO - Exporting env vars: AIRFLOW_CTX_DAG_OWNER='airflow' AIRFLOW_CTX_DAG_ID='dag_with_docker_operator' AIRFLOW_CTX_TASK_ID='check_status' AIRFLOW_CTX_EXECUTION_DATE='2024-06-01T20:19:11.767464+00:00' AIRFLOW_CTX_TRY_NUMBER='1' AIRFLOW_CTX_DAG_RUN_ID='manual__2024-06-01T20:19:11.767464+00:00'
[2024-06-01T20:19:49.059+0000] {taskinstance.py:430} INFO - ::endgroup::
[2024-06-01T20:19:50.060+0000] {taskinstance.py:441} INFO - ::group::Post task execution logs
[2024-06-01T20:19:50.061+0000] {taskinstance.py:2905} ERROR - Task failed with exception
Traceback (most recent call last):
  File "/home/airflow/.local/lib/python3.12/site-packages/requests/models.py", line 971, in json
    return complexjson.loads(self.text, **kwargs)
           ^^^^^^^^^^^^^^^^^^^^^^^^^^^^^^^^^^^^^^
  File "/usr/local/lib/python3.12/json/__init__.py", line 346, in loads
    return _default_decoder.decode(s)
           ^^^^^^^^^^^^^^^^^^^^^^^^^^
  File "/usr/local/lib/python3.12/json/decoder.py", line 337, in decode
    obj, end = self.raw_decode(s, idx=_w(s, 0).end())
               ^^^^^^^^^^^^^^^^^^^^^^^^^^^^^^^^^^^^^^
  File "/usr/local/lib/python3.12/json/decoder.py", line 355, in raw_decode
    raise JSONDecodeError("Expecting value", s, err.value) from None
json.decoder.JSONDecodeError: Expecting value: line 1 column 1 (char 0)

During handling of the above exception, another exception occurred:

Traceback (most recent call last):
  File "/home/airflow/.local/lib/python3.12/site-packages/airflow/models/taskinstance.py", line 465, in _execute_task
    result = _execute_callable(context=context, **execute_callable_kwargs)
             ^^^^^^^^^^^^^^^^^^^^^^^^^^^^^^^^^^^^^^^^^^^^^^^^^^^^^^^^^^^^^
  File "/home/airflow/.local/lib/python3.12/site-packages/airflow/models/taskinstance.py", line 432, in _execute_callable
    return execute_callable(context=context, **execute_callable_kwargs)
           ^^^^^^^^^^^^^^^^^^^^^^^^^^^^^^^^^^^^^^^^^^^^^^^^^^^^^^^^^^^^
  File "/home/airflow/.local/lib/python3.12/site-packages/airflow/models/baseoperator.py", line 400, in wrapper
    return func(self, *args, **kwargs)
           ^^^^^^^^^^^^^^^^^^^^^^^^^^^
  File "/home/airflow/.local/lib/python3.12/site-packages/airflow/operators/python.py", line 235, in execute
    return_value = self.execute_callable()
                   ^^^^^^^^^^^^^^^^^^^^^^^
  File "/home/airflow/.local/lib/python3.12/site-packages/airflow/operators/python.py", line 252, in execute_callable
    return self.python_callable(*self.op_args, **self.op_kwargs)
           ^^^^^^^^^^^^^^^^^^^^^^^^^^^^^^^^^^^^^^^^^^^^^^^^^^^^^
  File "/opt/airflow/dags/dag_with_docker_operator.py", line 14, in check_send_status
    return response.json()
           ^^^^^^^^^^^^^^^
  File "/home/airflow/.local/lib/python3.12/site-packages/requests/models.py", line 975, in json
    raise RequestsJSONDecodeError(e.msg, e.doc, e.pos)
requests.exceptions.JSONDecodeError: Expecting value: line 1 column 1 (char 0)
[2024-06-01T20:19:50.109+0000] {taskinstance.py:1206} INFO - Marking task as FAILED. dag_id=dag_with_docker_operator, task_id=check_status, run_id=manual__2024-06-01T20:19:11.767464+00:00, execution_date=20240601T201911, start_date=20240601T201948, end_date=20240601T201950
[2024-06-01T20:19:50.215+0000] {standard_task_runner.py:110} ERROR - Failed to execute job 756 for task check_status (Expecting value: line 1 column 1 (char 0); 145)
[2024-06-01T20:19:50.251+0000] {local_task_job_runner.py:240} INFO - Task exited with return code 1
[2024-06-01T20:19:50.437+0000] {taskinstance.py:3498} INFO - 0 downstream tasks scheduled from follow-on schedule check
[2024-06-01T20:19:50.441+0000] {local_task_job_runner.py:222} INFO - ::endgroup::
